Using pre-set license
Built from '2020.2/release' branch; Version is '2020.2.2f1 (068178b99f32) revision 426360'; Using compiler version '192528614'; Build Type 'Release'
OS: 'Windows 10 Home; OS build 19042.928; Version 2009; 64bit' Language: 'en' Physical Memory: 16303 MB
BatchMode: 1, IsHumanControllingUs: 0, StartBugReporterOnCrash: 0, Is64bit: 1, IsPro: 0

 COMMAND LINE ARGUMENTS:
C:\Program Files\Unity\Hub\Editor\2020.2.2f1\Editor\Unity.exe
-adb2
-batchMode
-noUpm
-name
AssetImportWorker0
-projectPath
C:/Users/adamk/OneDrive/Documents/GitHub/vision-D19127919/GameToolsVision
-logFile
Logs/AssetImportWorker0.log
-srvPort
62035
Successfully changed project path to: C:/Users/adamk/OneDrive/Documents/GitHub/vision-D19127919/GameToolsVision
C:/Users/adamk/OneDrive/Documents/GitHub/vision-D19127919/GameToolsVision
Using Asset Import Pipeline V2.
Refreshing native plugins compatible for Editor in 46.09 ms, found 1 plugins.
Preloading 0 native plugins for Editor in 0.00 ms.
Initialize engine version: 2020.2.2f1 (068178b99f32)
[Subsystems] Discovering subsystems at path C:/Program Files/Unity/Hub/Editor/2020.2.2f1/Editor/Data/Resources/UnitySubsystems
[Subsystems] Discovering subsystems at path C:/Users/adamk/OneDrive/Documents/GitHub/vision-D19127919/GameToolsVision/Assets
GfxDevice: creating device client; threaded=0
Direct3D:
    Version:  Direct3D 11.0 [level 11.1]
    Renderer: NVIDIA GeForce RTX 2080 with Max-Q Design (ID=0x1ed0)
    Vendor:   
    VRAM:     8010 MB
    Driver:   26.21.14.3165
Initialize mono
Mono path[0] = 'C:/Program Files/Unity/Hub/Editor/2020.2.2f1/Editor/Data/Managed'
Mono path[1] = 'C:/Program Files/Unity/Hub/Editor/2020.2.2f1/Editor/Data/MonoBleedingEdge/lib/mono/unityjit'
Mono config path = 'C:/Program Files/Unity/Hub/Editor/2020.2.2f1/Editor/Data/MonoBleedingEdge/etc'
Using monoOptions --debugger-agent=transport=dt_socket,embedding=1,server=y,suspend=n,address=127.0.0.1:56824
Begin MonoManager ReloadAssembly
Registering precompiled unity dll's ...
Register platform support module: C:/Program Files/Unity/Hub/Editor/2020.2.2f1/Editor/Data/PlaybackEngines/WindowsStandaloneSupport/UnityEditor.WindowsStandalone.Extensions.dll
Registered in 0.002497 seconds.
Native extension for WindowsStandalone target not found
Refreshing native plugins compatible for Editor in 40.24 ms, found 1 plugins.
Preloading 0 native plugins for Editor in 0.00 ms.
Invoked RoslynAnalysisRunner static constructor.
RoslynAnalysisRunner will not be running.
RoslynAnalysisRunner has terminated.
Mono: successfully reloaded assembly
- Completed reload, in  1.226 seconds
Platform modules already initialized, skipping
Registering precompiled user dll's ...
Registered in 0.001978 seconds.
Begin MonoManager ReloadAssembly
Native extension for WindowsStandalone target not found
Refreshing native plugins compatible for Editor in 42.80 ms, found 1 plugins.
Preloading 0 native plugins for Editor in 0.00 ms.
Invoked RoslynAnalysisRunner static constructor.
RoslynAnalysisRunner will not be running.
RoslynAnalysisRunner has terminated.
Mono: successfully reloaded assembly
- Completed reload, in  1.055 seconds
Platform modules already initialized, skipping
========================================================================
Worker process is ready to serve import requests
Launched and connected shader compiler UnityShaderCompiler.exe after 0.05 seconds
Refreshing native plugins compatible for Editor in 0.60 ms, found 1 plugins.
Preloading 0 native plugins for Editor in 0.00 ms.
Unloading 2241 Unused Serialized files (Serialized files now loaded: 0)
System memory in use before: 99.9 MB.
System memory in use after: 99.9 MB.

Unloading 27 unused Assets to reduce memory usage. Loaded Objects now: 2685.
Total: 2.842800 ms (FindLiveObjects: 0.216900 ms CreateObjectMapping: 0.326600 ms MarkObjects: 2.176200 ms  DeleteObjects: 0.122100 ms)

========================================================================
Received Import Request.
  path: Assets/Prefabs/Enemy.prefab
  artifactKey: Guid(b6828884d5c50a94697aa1149055f972) Importer(815301076,1909f56bfc062723c751e8b465ee728b)
Start importing Assets/Prefabs/Enemy.prefab using Guid(b6828884d5c50a94697aa1149055f972) Importer(815301076,1909f56bfc062723c751e8b465ee728b)  -> (artifact id: 'c10e8f968c77f4fd1b63623c40831371') in 0.122914 seconds
  Import took 0.126586 seconds .

========================================================================
Received Prepare
Refreshing native plugins compatible for Editor in 2.26 ms, found 1 plugins.
Preloading 0 native plugins for Editor in 0.00 ms.
Unloading 10 Unused Serialized files (Serialized files now loaded: 0)
System memory in use before: 59.0 MB.
System memory in use after: 59.0 MB.

Unloading 10 unused Assets to reduce memory usage. Loaded Objects now: 2692.
Total: 2.993600 ms (FindLiveObjects: 0.210900 ms CreateObjectMapping: 0.100700 ms MarkObjects: 2.590400 ms  DeleteObjects: 0.090700 ms)

========================================================================
Received Import Request.
  Time since last request: 2.455964 seconds.
  path: Assets/Prefabs/Enemy.prefab
  artifactKey: Guid(b6828884d5c50a94697aa1149055f972) Importer(815301076,1909f56bfc062723c751e8b465ee728b)
Start importing Assets/Prefabs/Enemy.prefab using Guid(b6828884d5c50a94697aa1149055f972) Importer(815301076,1909f56bfc062723c751e8b465ee728b)  -> (artifact id: '03c66e117e2ce475f2ab02668f552b87') in 0.011089 seconds
  Import took 0.014560 seconds .

========================================================================
Received Prepare
Registering precompiled user dll's ...
Registered in 0.001426 seconds.
Begin MonoManager ReloadAssembly
Native extension for WindowsStandalone target not found
Refreshing native plugins compatible for Editor in 0.43 ms, found 1 plugins.
Preloading 0 native plugins for Editor in 0.00 ms.
Invoked RoslynAnalysisRunner static constructor.
RoslynAnalysisRunner will not be running.
RoslynAnalysisRunner has terminated.
Mono: successfully reloaded assembly
- Completed reload, in  0.930 seconds
Platform modules already initialized, skipping
Refreshing native plugins compatible for Editor in 0.40 ms, found 1 plugins.
Preloading 0 native plugins for Editor in 0.00 ms.
Unloading 2234 Unused Serialized files (Serialized files now loaded: 0)
System memory in use before: 103.1 MB.
System memory in use after: 103.1 MB.

Unloading 13 unused Assets to reduce memory usage. Loaded Objects now: 2695.
Total: 2.473200 ms (FindLiveObjects: 0.326700 ms CreateObjectMapping: 0.133200 ms MarkObjects: 1.910900 ms  DeleteObjects: 0.100900 ms)

========================================================================
Received Prepare
Registering precompiled user dll's ...
Registered in 0.001400 seconds.
Begin MonoManager ReloadAssembly
Native extension for WindowsStandalone target not found
Refreshing native plugins compatible for Editor in 0.43 ms, found 1 plugins.
Preloading 0 native plugins for Editor in 0.00 ms.
Invoked RoslynAnalysisRunner static constructor.
RoslynAnalysisRunner will not be running.
RoslynAnalysisRunner has terminated.
Mono: successfully reloaded assembly
- Completed reload, in  1.129 seconds
Platform modules already initialized, skipping
Refreshing native plugins compatible for Editor in 0.47 ms, found 1 plugins.
Preloading 0 native plugins for Editor in 0.00 ms.
Unloading 2234 Unused Serialized files (Serialized files now loaded: 0)
System memory in use before: 103.2 MB.
System memory in use after: 103.2 MB.

Unloading 13 unused Assets to reduce memory usage. Loaded Objects now: 2698.
Total: 2.883200 ms (FindLiveObjects: 0.225600 ms CreateObjectMapping: 0.109200 ms MarkObjects: 2.428200 ms  DeleteObjects: 0.119000 ms)

========================================================================
Received Import Request.
  Time since last request: 38.072871 seconds.
  path: Assets/Prefabs/Enemy.prefab
  artifactKey: Guid(b6828884d5c50a94697aa1149055f972) Importer(815301076,1909f56bfc062723c751e8b465ee728b)
Start importing Assets/Prefabs/Enemy.prefab using Guid(b6828884d5c50a94697aa1149055f972) Importer(815301076,1909f56bfc062723c751e8b465ee728b)  -> (artifact id: '379f4d75f573018381e69565e23c2ade') in 0.074916 seconds
  Import took 0.079210 seconds .

========================================================================
Received Prepare
Registering precompiled user dll's ...
Registered in 0.001429 seconds.
Begin MonoManager ReloadAssembly
Native extension for WindowsStandalone target not found
Refreshing native plugins compatible for Editor in 0.55 ms, found 1 plugins.
Preloading 0 native plugins for Editor in 0.00 ms.
Invoked RoslynAnalysisRunner static constructor.
RoslynAnalysisRunner will not be running.
RoslynAnalysisRunner has terminated.
Mono: successfully reloaded assembly
- Completed reload, in  1.152 seconds
Platform modules already initialized, skipping
Refreshing native plugins compatible for Editor in 0.65 ms, found 1 plugins.
Preloading 0 native plugins for Editor in 0.00 ms.
Unloading 2234 Unused Serialized files (Serialized files now loaded: 0)
System memory in use before: 103.4 MB.
System memory in use after: 103.4 MB.

Unloading 13 unused Assets to reduce memory usage. Loaded Objects now: 2702.
Total: 2.753500 ms (FindLiveObjects: 0.334900 ms CreateObjectMapping: 0.124000 ms MarkObjects: 2.192800 ms  DeleteObjects: 0.100400 ms)

========================================================================
Received Import Request.
  Time since last request: 9.593353 seconds.
  path: Assets/Prefabs/Enemy.prefab
  artifactKey: Guid(b6828884d5c50a94697aa1149055f972) Importer(815301076,1909f56bfc062723c751e8b465ee728b)
Start importing Assets/Prefabs/Enemy.prefab using Guid(b6828884d5c50a94697aa1149055f972) Importer(815301076,1909f56bfc062723c751e8b465ee728b)  -> (artifact id: '84c0918d8199a3dade84b459a9886f15') in 0.072028 seconds
  Import took 0.075746 seconds .

========================================================================
Received Import Request.
  Time since last request: 45.398933 seconds.
  path: Assets/Prefabs/Enemy.prefab
  artifactKey: Guid(b6828884d5c50a94697aa1149055f972) Importer(815301076,1909f56bfc062723c751e8b465ee728b)
Start importing Assets/Prefabs/Enemy.prefab using Guid(b6828884d5c50a94697aa1149055f972) Importer(815301076,1909f56bfc062723c751e8b465ee728b)  -> (artifact id: 'a85c11fe242e7c78fa84fda105b90c13') in 0.015796 seconds
  Import took 0.019471 seconds .

========================================================================
Received Prepare
Registering precompiled user dll's ...
Registered in 0.001430 seconds.
Begin MonoManager ReloadAssembly
Native extension for WindowsStandalone target not found
Refreshing native plugins compatible for Editor in 0.62 ms, found 1 plugins.
Preloading 0 native plugins for Editor in 0.00 ms.
Invoked RoslynAnalysisRunner static constructor.
RoslynAnalysisRunner will not be running.
RoslynAnalysisRunner has terminated.
Mono: successfully reloaded assembly
- Completed reload, in  0.924 seconds
Platform modules already initialized, skipping
Refreshing native plugins compatible for Editor in 0.38 ms, found 1 plugins.
Preloading 0 native plugins for Editor in 0.00 ms.
Unloading 2234 Unused Serialized files (Serialized files now loaded: 0)
System memory in use before: 103.5 MB.
System memory in use after: 103.5 MB.

Unloading 13 unused Assets to reduce memory usage. Loaded Objects now: 2706.
Total: 2.280500 ms (FindLiveObjects: 0.188100 ms CreateObjectMapping: 0.087800 ms MarkObjects: 1.907200 ms  DeleteObjects: 0.096500 ms)

========================================================================
Received Prepare
Registering precompiled user dll's ...
Registered in 0.001388 seconds.
Begin MonoManager ReloadAssembly
Native extension for WindowsStandalone target not found
Refreshing native plugins compatible for Editor in 0.38 ms, found 1 plugins.
Preloading 0 native plugins for Editor in 0.00 ms.
Invoked RoslynAnalysisRunner static constructor.
RoslynAnalysisRunner will not be running.
RoslynAnalysisRunner has terminated.
Mono: successfully reloaded assembly
- Completed reload, in  0.942 seconds
Platform modules already initialized, skipping
Refreshing native plugins compatible for Editor in 0.38 ms, found 1 plugins.
Preloading 0 native plugins for Editor in 0.00 ms.
Unloading 2234 Unused Serialized files (Serialized files now loaded: 0)
System memory in use before: 103.6 MB.
System memory in use after: 103.6 MB.

Unloading 13 unused Assets to reduce memory usage. Loaded Objects now: 2709.
Total: 2.516900 ms (FindLiveObjects: 0.209200 ms CreateObjectMapping: 0.101000 ms MarkObjects: 2.105600 ms  DeleteObjects: 0.100400 ms)

AssetImportWorkerClient::OnTransportError - code=2 error=End of file
